[custom_lint] 2024-09-18T18:33:42.325652 /Users/aboutblank/.pub-cache/hosted/pub.dev/solid_lints-0.2.0/lib/src/models/rule_config.dart:2:1: Error: 'LintCode' is imported from both 'package:analyzer/src/dart/error/lint_codes.dart' and 'package:custom_lint_core/src/lint_codes.dart'.
[custom_lint] 2024-09-18T18:33:42.325652 import 'package:custom_lint_builder/custom_lint_builder.dart';
[custom_lint] 2024-09-18T18:33:42.325652 ^^^^^^^^
[custom_lint] 2024-09-18T18:33:42.325652 /Users/aboutblank/.pub-cache/hosted/pub.dev/solid_lints-0.2.0/lib/src/utils/parameter_utils.dart:3:1: Error: 'LintCode' is imported from both 'package:analyzer/src/dart/error/lint_codes.dart' and 'package:custom_lint_core/src/lint_codes.dart'.
[custom_lint] 2024-09-18T18:33:42.325652 import 'package:custom_lint_builder/custom_lint_builder.dart';
[custom_lint] 2024-09-18T18:33:42.325652 ^^^^^^^^
[custom_lint] 2024-09-18T18:33:42.325652 /Users/aboutblank/.pub-cache/hosted/pub.dev/solid_lints-0.2.0/lib/src/lints/avoid_unnecessary_type_assertions/avoid_unnecessary_type_assertions_rule.dart:48:37: Error: 'LintCode' is imported from both 'package:analyzer/src/dart/error/lint_codes.dart' and 'package:custom_lint_core/src/lint_codes.dart'.
[custom_lint] 2024-09-18T18:33:42.325652   static const _unnecessaryIsCode = LintCode(
[custom_lint] 2024-09-18T18:33:42.325652                                     ^^^^^^^^
[custom_lint] 2024-09-18T18:33:42.325652 /Users/aboutblank/.pub-cache/hosted/pub.dev/solid_lints-0.2.0/lib/src/lints/avoid_unnecessary_type_assertions/avoid_unnecessary_type_assertions_rule.dart:53:44: Error: 'LintCode' is imported from both 'package:analyzer/src/dart/error/lint_codes.dart' and 'package:custom_lint_core/src/lint_codes.dart'.
[custom_lint] 2024-09-18T18:33:42.325652   static const _unnecessaryWhereTypeCode = LintCode(
[custom_lint] 2024-09-18T18:33:42.325652                                            ^^^^^^^^
[custom_lint] 2024-09-18T18:33:42.325652 /Users/aboutblank/.pub-cache/hosted/pub.dev/solid_lints-0.2.0/lib/src/lints/double_literal_format/double_literal_format_rule.dart:37:35: Error: 'LintCode' is imported from both 'package:analyzer/src/dart/error/lint_codes.dart' and 'package:custom_lint_core/src/lint_codes.dart'.
[custom_lint] 2024-09-18T18:33:42.325652   static const _leadingZeroCode = LintCode(
[custom_lint] 2024-09-18T18:33:42.325652                                   ^^^^^^^^
[custom_lint] 2024-09-18T18:33:42.325652 /Users/aboutblank/.pub-cache/hosted/pub.dev/solid_lints-0.2.0/lib/src/lints/double_literal_format/double_literal_format_rule.dart:45:38: Error: 'LintCode' is imported from both 'package:analyzer/src/dart/error/lint_codes.dart' and 'package:custom_lint_core/src/lint_codes.dart'.
[custom_lint] 2024-09-18T18:33:42.325652   static const _leadingDecimalCode = LintCode(
[custom_lint] 2024-09-18T18:33:42.325652                                      ^^^^^^^^
[custom_lint] 2024-09-18T18:33:42.325652 /Users/aboutblank/.pub-cache/hosted/pub.dev/solid_lints-0.2.0/lib/src/lints/double_literal_format/double_literal_format_rule.dart:54:36: Error: 'LintCode' is imported from both 'package:analyzer/src/dart/error/lint_codes.dart' and 'package:custom_lint_core/src/lint_codes.dart'.
[custom_lint] 2024-09-18T18:33:42.325652   static const _trailingZeroCode = LintCode(
[custom_lint] 2024-09-18T18:33:42.325652                                    ^^^^^^^^
[custom_lint] 2024-09-18T18:33:42.325652 /Users/aboutblank/.pub-cache/hosted/pub.dev/solid_lints-0.2.0/lib/src/models/rule_config.dart:38:28: Error: 'LintCode' is imported from both 'package:analyzer/src/dart/error/lint_codes.dart' and 'package:custom_lint_core/src/lint_codes.dart'.
[custom_lint] 2024-09-18T18:33:42.325652   LintCode get lintCode => LintCode(
[custom_lint] 2024-09-18T18:33:42.325652                            ^^^^^^^^
[custom_lint] 2024-09-18T18:33:42.325652 /Users/aboutblank/.pub-cache/hosted/pub.dev/solid_lints-0.2.0/lib/src/utils/parameter_utils.dart:36:7: Error: 'LintCode' is imported from both 'package:analyzer/src/dart/error/lint_codes.dart' and 'package:custom_lint_core/src/lint_codes.dart'.
[custom_lint] 2024-09-18T18:33:42.325652       LintCode(
[custom_lint] 2024-09-18T18:33:42.325652       ^^^^^^^^
[custom_lint] 2024-09-18T18:33:42.325652
[custom_lint] 2024-09-18T18:33:42.325652
Failed to start pluginsThe request analysis.setContextRoots failed with the following error:
RequestErrorCode.PLUGIN_ERROR
Bad state: Failed to start the plugins.
at:
#0      SocketCustomLintServerToClientChannel._checkInitializationFail.<anonymous closure> (package:custom_lint/src/v2/server_to_client_channel.dart:223:11)
<asynchronous suspension>
#1      Future.any.onValue (dart:async/future.dart:628:5)
<asynchronous suspension>

[custom_lint] 2024-09-18T18:35:29.619553 /Users/aboutblank/.pub-cache/hosted/pub.dev/solid_lints-0.2.0/lib/src/models/rule_config.dart:2:1: Error: 'LintCode' is imported from both 'package:analyzer/src/dart/error/lint_codes.dart' and 'package:custom_lint_core/src/lint_codes.dart'.
[custom_lint] 2024-09-18T18:35:29.619553 import 'package:custom_lint_builder/custom_lint_builder.dart';
[custom_lint] 2024-09-18T18:35:29.619553 ^^^^^^^^
[custom_lint] 2024-09-18T18:35:29.619553 /Users/aboutblank/.pub-cache/hosted/pub.dev/solid_lints-0.2.0/lib/src/utils/parameter_utils.dart:3:1: Error: 'LintCode' is imported from both 'package:analyzer/src/dart/error/lint_codes.dart' and 'package:custom_lint_core/src/lint_codes.dart'.
[custom_lint] 2024-09-18T18:35:29.619553 import 'package:custom_lint_builder/custom_lint_builder.dart';
[custom_lint] 2024-09-18T18:35:29.619553 ^^^^^^^^
[custom_lint] 2024-09-18T18:35:29.619553 /Users/aboutblank/.pub-cache/hosted/pub.dev/solid_lints-0.2.0/lib/src/lints/avoid_unnecessary_type_assertions/avoid_unnecessary_type_assertions_rule.dart:48:37: Error: 'LintCode' is imported from both 'package:analyzer/src/dart/error/lint_codes.dart' and 'package:custom_lint_core/src/lint_codes.dart'.
[custom_lint] 2024-09-18T18:35:29.619553   static const _unnecessaryIsCode = LintCode(
[custom_lint] 2024-09-18T18:35:29.619553                                     ^^^^^^^^
[custom_lint] 2024-09-18T18:35:29.619553 /Users/aboutblank/.pub-cache/hosted/pub.dev/solid_lints-0.2.0/lib/src/lints/avoid_unnecessary_type_assertions/avoid_unnecessary_type_assertions_rule.dart:53:44: Error: 'LintCode' is imported from both 'package:analyzer/src/dart/error/lint_codes.dart' and 'package:custom_lint_core/src/lint_codes.dart'.
[custom_lint] 2024-09-18T18:35:29.619553   static const _unnecessaryWhereTypeCode = LintCode(
[custom_lint] 2024-09-18T18:35:29.619553                                            ^^^^^^^^
[custom_lint] 2024-09-18T18:35:29.619553 /Users/aboutblank/.pub-cache/hosted/pub.dev/solid_lints-0.2.0/lib/src/lints/double_literal_format/double_literal_format_rule.dart:37:35: Error: 'LintCode' is imported from both 'package:analyzer/src/dart/error/lint_codes.dart' and 'package:custom_lint_core/src/lint_codes.dart'.
[custom_lint] 2024-09-18T18:35:29.619553   static const _leadingZeroCode = LintCode(
[custom_lint] 2024-09-18T18:35:29.619553                                   ^^^^^^^^
[custom_lint] 2024-09-18T18:35:29.619553 /Users/aboutblank/.pub-cache/hosted/pub.dev/solid_lints-0.2.0/lib/src/lints/double_literal_format/double_literal_format_rule.dart:45:38: Error: 'LintCode' is imported from both 'package:analyzer/src/dart/error/lint_codes.dart' and 'package:custom_lint_core/src/lint_codes.dart'.
[custom_lint] 2024-09-18T18:35:29.619553   static const _leadingDecimalCode = LintCode(
[custom_lint] 2024-09-18T18:35:29.619553                                      ^^^^^^^^
[custom_lint] 2024-09-18T18:35:29.619553 /Users/aboutblank/.pub-cache/hosted/pub.dev/solid_lints-0.2.0/lib/src/lints/double_literal_format/double_literal_format_rule.dart:54:36: Error: 'LintCode' is imported from both 'package:analyzer/src/dart/error/lint_codes.dart' and 'package:custom_lint_core/src/lint_codes.dart'.
[custom_lint] 2024-09-18T18:35:29.619553   static const _trailingZeroCode = LintCode(
[custom_lint] 2024-09-18T18:35:29.619553                                    ^^^^^^^^
[custom_lint] 2024-09-18T18:35:29.619553 /Users/aboutblank/.pub-cache/hosted/pub.dev/solid_lints-0.2.0/lib/src/models/rule_config.dart:38:28: Error: 'LintCode' is imported from both 'package:analyzer/src/dart/error/lint_codes.dart' and 'package:custom_lint_core/src/lint_codes.dart'.
[custom_lint] 2024-09-18T18:35:29.619553   LintCode get lintCode => LintCode(
[custom_lint] 2024-09-18T18:35:29.619553                            ^^^^^^^^
[custom_lint] 2024-09-18T18:35:29.619553 /Users/aboutblank/.pub-cache/hosted/pub.dev/solid_lints-0.2.0/lib/src/utils/parameter_utils.dart:36:7: Error: 'LintCode' is imported from both 'package:analyzer/src/dart/error/lint_codes.dart' and 'package:custom_lint_core/src/lint_codes.dart'.
[custom_lint] 2024-09-18T18:35:29.619553       LintCode(
[custom_lint] 2024-09-18T18:35:29.619553       ^^^^^^^^
[custom_lint] 2024-09-18T18:35:29.619553
[custom_lint] 2024-09-18T18:35:29.619553
Failed to start pluginsThe request analysis.setContextRoots failed with the following error:
RequestErrorCode.PLUGIN_ERROR
Bad state: Failed to start the plugins.
at:
#0      SocketCustomLintServerToClientChannel._checkInitializationFail.<anonymous closure> (package:custom_lint/src/v2/server_to_client_channel.dart:223:11)
<asynchronous suspension>
#1      Future.any.onValue (dart:async/future.dart:628:5)
<asynchronous suspension>

[custom_lint] 2024-09-18T18:41:41.285957 /Users/aboutblank/.pub-cache/hosted/pub.dev/solid_lints-0.2.0/lib/src/models/rule_config.dart:2:1: Error: 'LintCode' is imported from both 'package:analyzer/src/dart/error/lint_codes.dart' and 'package:custom_lint_core/src/lint_codes.dart'.
[custom_lint] 2024-09-18T18:41:41.285957 import 'package:custom_lint_builder/custom_lint_builder.dart';
[custom_lint] 2024-09-18T18:41:41.285957 ^^^^^^^^
[custom_lint] 2024-09-18T18:41:41.285957 /Users/aboutblank/.pub-cache/hosted/pub.dev/solid_lints-0.2.0/lib/src/utils/parameter_utils.dart:3:1: Error: 'LintCode' is imported from both 'package:analyzer/src/dart/error/lint_codes.dart' and 'package:custom_lint_core/src/lint_codes.dart'.
[custom_lint] 2024-09-18T18:41:41.285957 import 'package:custom_lint_builder/custom_lint_builder.dart';
[custom_lint] 2024-09-18T18:41:41.285957 ^^^^^^^^
[custom_lint] 2024-09-18T18:41:41.285957 /Users/aboutblank/.pub-cache/hosted/pub.dev/solid_lints-0.2.0/lib/src/lints/avoid_unnecessary_type_assertions/avoid_unnecessary_type_assertions_rule.dart:48:37: Error: 'LintCode' is imported from both 'package:analyzer/src/dart/error/lint_codes.dart' and 'package:custom_lint_core/src/lint_codes.dart'.
[custom_lint] 2024-09-18T18:41:41.285957   static const _unnecessaryIsCode = LintCode(
[custom_lint] 2024-09-18T18:41:41.285957                                     ^^^^^^^^
[custom_lint] 2024-09-18T18:41:41.285957 /Users/aboutblank/.pub-cache/hosted/pub.dev/solid_lints-0.2.0/lib/src/lints/avoid_unnecessary_type_assertions/avoid_unnecessary_type_assertions_rule.dart:53:44: Error: 'LintCode' is imported from both 'package:analyzer/src/dart/error/lint_codes.dart' and 'package:custom_lint_core/src/lint_codes.dart'.
[custom_lint] 2024-09-18T18:41:41.285957   static const _unnecessaryWhereTypeCode = LintCode(
[custom_lint] 2024-09-18T18:41:41.285957                                            ^^^^^^^^
[custom_lint] 2024-09-18T18:41:41.285957 /Users/aboutblank/.pub-cache/hosted/pub.dev/solid_lints-0.2.0/lib/src/lints/double_literal_format/double_literal_format_rule.dart:37:35: Error: 'LintCode' is imported from both 'package:analyzer/src/dart/error/lint_codes.dart' and 'package:custom_lint_core/src/lint_codes.dart'.
[custom_lint] 2024-09-18T18:41:41.285957   static const _leadingZeroCode = LintCode(
[custom_lint] 2024-09-18T18:41:41.285957                                   ^^^^^^^^
[custom_lint] 2024-09-18T18:41:41.285957 /Users/aboutblank/.pub-cache/hosted/pub.dev/solid_lints-0.2.0/lib/src/lints/double_literal_format/double_literal_format_rule.dart:45:38: Error: 'LintCode' is imported from both 'package:analyzer/src/dart/error/lint_codes.dart' and 'package:custom_lint_core/src/lint_codes.dart'.
[custom_lint] 2024-09-18T18:41:41.285957   static const _leadingDecimalCode = LintCode(
[custom_lint] 2024-09-18T18:41:41.285957                                      ^^^^^^^^
[custom_lint] 2024-09-18T18:41:41.285957 /Users/aboutblank/.pub-cache/hosted/pub.dev/solid_lints-0.2.0/lib/src/lints/double_literal_format/double_literal_format_rule.dart:54:36: Error: 'LintCode' is imported from both 'package:analyzer/src/dart/error/lint_codes.dart' and 'package:custom_lint_core/src/lint_codes.dart'.
[custom_lint] 2024-09-18T18:41:41.285957   static const _trailingZeroCode = LintCode(
[custom_lint] 2024-09-18T18:41:41.285957                                    ^^^^^^^^
[custom_lint] 2024-09-18T18:41:41.285957 /Users/aboutblank/.pub-cache/hosted/pub.dev/solid_lints-0.2.0/lib/src/models/rule_config.dart:38:28: Error: 'LintCode' is imported from both 'package:analyzer/src/dart/error/lint_codes.dart' and 'package:custom_lint_core/src/lint_codes.dart'.
[custom_lint] 2024-09-18T18:41:41.285957   LintCode get lintCode => LintCode(
[custom_lint] 2024-09-18T18:41:41.285957                            ^^^^^^^^
[custom_lint] 2024-09-18T18:41:41.285957 /Users/aboutblank/.pub-cache/hosted/pub.dev/solid_lints-0.2.0/lib/src/utils/parameter_utils.dart:36:7: Error: 'LintCode' is imported from both 'package:analyzer/src/dart/error/lint_codes.dart' and 'package:custom_lint_core/src/lint_codes.dart'.
[custom_lint] 2024-09-18T18:41:41.285957       LintCode(
[custom_lint] 2024-09-18T18:41:41.285957       ^^^^^^^^
[custom_lint] 2024-09-18T18:41:41.285957
[custom_lint] 2024-09-18T18:41:41.285957
Failed to start pluginsThe request analysis.setContextRoots failed with the following error:
RequestErrorCode.PLUGIN_ERROR
Bad state: Failed to start the plugins.
at:
#0      SocketCustomLintServerToClientChannel._checkInitializationFail.<anonymous closure> (package:custom_lint/src/v2/server_to_client_channel.dart:223:11)
<asynchronous suspension>
#1      Future.any.onValue (dart:async/future.dart:628:5)
<asynchronous suspension>

[custom_lint] 2024-09-18T18:57:16.860600 /Users/aboutblank/.pub-cache/hosted/pub.dev/solid_lints-0.2.0/lib/src/models/rule_config.dart:2:1: Error: 'LintCode' is imported from both 'package:analyzer/src/dart/error/lint_codes.dart' and 'package:custom_lint_core/src/lint_codes.dart'.
[custom_lint] 2024-09-18T18:57:16.860600 import 'package:custom_lint_builder/custom_lint_builder.dart';
[custom_lint] 2024-09-18T18:57:16.860600 ^^^^^^^^
[custom_lint] 2024-09-18T18:57:16.860600 /Users/aboutblank/.pub-cache/hosted/pub.dev/solid_lints-0.2.0/lib/src/utils/parameter_utils.dart:3:1: Error: 'LintCode' is imported from both 'package:analyzer/src/dart/error/lint_codes.dart' and 'package:custom_lint_core/src/lint_codes.dart'.
[custom_lint] 2024-09-18T18:57:16.860600 import 'package:custom_lint_builder/custom_lint_builder.dart';
[custom_lint] 2024-09-18T18:57:16.860600 ^^^^^^^^
[custom_lint] 2024-09-18T18:57:16.860600 /Users/aboutblank/.pub-cache/hosted/pub.dev/solid_lints-0.2.0/lib/src/lints/avoid_unnecessary_type_assertions/avoid_unnecessary_type_assertions_rule.dart:48:37: Error: 'LintCode' is imported from both 'package:analyzer/src/dart/error/lint_codes.dart' and 'package:custom_lint_core/src/lint_codes.dart'.
[custom_lint] 2024-09-18T18:57:16.860600   static const _unnecessaryIsCode = LintCode(
[custom_lint] 2024-09-18T18:57:16.860600                                     ^^^^^^^^
[custom_lint] 2024-09-18T18:57:16.860600 /Users/aboutblank/.pub-cache/hosted/pub.dev/solid_lints-0.2.0/lib/src/lints/avoid_unnecessary_type_assertions/avoid_unnecessary_type_assertions_rule.dart:53:44: Error: 'LintCode' is imported from both 'package:analyzer/src/dart/error/lint_codes.dart' and 'package:custom_lint_core/src/lint_codes.dart'.
[custom_lint] 2024-09-18T18:57:16.860600   static const _unnecessaryWhereTypeCode = LintCode(
[custom_lint] 2024-09-18T18:57:16.860600                                            ^^^^^^^^
[custom_lint] 2024-09-18T18:57:16.860600 /Users/aboutblank/.pub-cache/hosted/pub.dev/solid_lints-0.2.0/lib/src/lints/double_literal_format/double_literal_format_rule.dart:37:35: Error: 'LintCode' is imported from both 'package:analyzer/src/dart/error/lint_codes.dart' and 'package:custom_lint_core/src/lint_codes.dart'.
[custom_lint] 2024-09-18T18:57:16.860600   static const _leadingZeroCode = LintCode(
[custom_lint] 2024-09-18T18:57:16.860600                                   ^^^^^^^^
[custom_lint] 2024-09-18T18:57:16.860600 /Users/aboutblank/.pub-cache/hosted/pub.dev/solid_lints-0.2.0/lib/src/lints/double_literal_format/double_literal_format_rule.dart:45:38: Error: 'LintCode' is imported from both 'package:analyzer/src/dart/error/lint_codes.dart' and 'package:custom_lint_core/src/lint_codes.dart'.
[custom_lint] 2024-09-18T18:57:16.860600   static const _leadingDecimalCode = LintCode(
[custom_lint] 2024-09-18T18:57:16.860600                                      ^^^^^^^^
[custom_lint] 2024-09-18T18:57:16.860600 /Users/aboutblank/.pub-cache/hosted/pub.dev/solid_lints-0.2.0/lib/src/lints/double_literal_format/double_literal_format_rule.dart:54:36: Error: 'LintCode' is imported from both 'package:analyzer/src/dart/error/lint_codes.dart' and 'package:custom_lint_core/src/lint_codes.dart'.
[custom_lint] 2024-09-18T18:57:16.860600   static const _trailingZeroCode = LintCode(
[custom_lint] 2024-09-18T18:57:16.860600                                    ^^^^^^^^
[custom_lint] 2024-09-18T18:57:16.860600 /Users/aboutblank/.pub-cache/hosted/pub.dev/solid_lints-0.2.0/lib/src/models/rule_config.dart:38:28: Error: 'LintCode' is imported from both 'package:analyzer/src/dart/error/lint_codes.dart' and 'package:custom_lint_core/src/lint_codes.dart'.
[custom_lint] 2024-09-18T18:57:16.860600   LintCode get lintCode => LintCode(
[custom_lint] 2024-09-18T18:57:16.860600                            ^^^^^^^^
[custom_lint] 2024-09-18T18:57:16.860600 /Users/aboutblank/.pub-cache/hosted/pub.dev/solid_lints-0.2.0/lib/src/utils/parameter_utils.dart:36:7: Error: 'LintCode' is imported from both 'package:analyzer/src/dart/error/lint_codes.dart' and 'package:custom_lint_core/src/lint_codes.dart'.
[custom_lint] 2024-09-18T18:57:16.860600       LintCode(
[custom_lint] 2024-09-18T18:57:16.860600       ^^^^^^^^
[custom_lint] 2024-09-18T18:57:16.860600
[custom_lint] 2024-09-18T18:57:16.860600
Failed to start pluginsThe request analysis.setContextRoots failed with the following error:
RequestErrorCode.PLUGIN_ERROR
Bad state: Failed to start the plugins.
at:
#0      SocketCustomLintServerToClientChannel._checkInitializationFail.<anonymous closure> (package:custom_lint/src/v2/server_to_client_channel.dart:223:11)
<asynchronous suspension>
#1      Future.any.onValue (dart:async/future.dart:628:5)
<asynchronous suspension>

[custom_lint] 2024-09-18T19:17:52.853550 /Users/aboutblank/.pub-cache/hosted/pub.dev/solid_lints-0.2.0/lib/src/models/rule_config.dart:2:1: Error: 'LintCode' is imported from both 'package:analyzer/src/dart/error/lint_codes.dart' and 'package:custom_lint_core/src/lint_codes.dart'.
[custom_lint] 2024-09-18T19:17:52.853550 import 'package:custom_lint_builder/custom_lint_builder.dart';
[custom_lint] 2024-09-18T19:17:52.853550 ^^^^^^^^
[custom_lint] 2024-09-18T19:17:52.853550 /Users/aboutblank/.pub-cache/hosted/pub.dev/solid_lints-0.2.0/lib/src/utils/parameter_utils.dart:3:1: Error: 'LintCode' is imported from both 'package:analyzer/src/dart/error/lint_codes.dart' and 'package:custom_lint_core/src/lint_codes.dart'.
[custom_lint] 2024-09-18T19:17:52.853550 import 'package:custom_lint_builder/custom_lint_builder.dart';
[custom_lint] 2024-09-18T19:17:52.853550 ^^^^^^^^
[custom_lint] 2024-09-18T19:17:52.853550 /Users/aboutblank/.pub-cache/hosted/pub.dev/solid_lints-0.2.0/lib/src/lints/avoid_unnecessary_type_assertions/avoid_unnecessary_type_assertions_rule.dart:48:37: Error: 'LintCode' is imported from both 'package:analyzer/src/dart/error/lint_codes.dart' and 'package:custom_lint_core/src/lint_codes.dart'.
[custom_lint] 2024-09-18T19:17:52.853550   static const _unnecessaryIsCode = LintCode(
[custom_lint] 2024-09-18T19:17:52.853550                                     ^^^^^^^^
[custom_lint] 2024-09-18T19:17:52.853550 /Users/aboutblank/.pub-cache/hosted/pub.dev/solid_lints-0.2.0/lib/src/lints/avoid_unnecessary_type_assertions/avoid_unnecessary_type_assertions_rule.dart:53:44: Error: 'LintCode' is imported from both 'package:analyzer/src/dart/error/lint_codes.dart' and 'package:custom_lint_core/src/lint_codes.dart'.
[custom_lint] 2024-09-18T19:17:52.853550   static const _unnecessaryWhereTypeCode = LintCode(
[custom_lint] 2024-09-18T19:17:52.853550                                            ^^^^^^^^
[custom_lint] 2024-09-18T19:17:52.853550 /Users/aboutblank/.pub-cache/hosted/pub.dev/solid_lints-0.2.0/lib/src/lints/double_literal_format/double_literal_format_rule.dart:37:35: Error: 'LintCode' is imported from both 'package:analyzer/src/dart/error/lint_codes.dart' and 'package:custom_lint_core/src/lint_codes.dart'.
[custom_lint] 2024-09-18T19:17:52.853550   static const _leadingZeroCode = LintCode(
[custom_lint] 2024-09-18T19:17:52.853550                                   ^^^^^^^^
[custom_lint] 2024-09-18T19:17:52.853550 /Users/aboutblank/.pub-cache/hosted/pub.dev/solid_lints-0.2.0/lib/src/lints/double_literal_format/double_literal_format_rule.dart:45:38: Error: 'LintCode' is imported from both 'package:analyzer/src/dart/error/lint_codes.dart' and 'package:custom_lint_core/src/lint_codes.dart'.
[custom_lint] 2024-09-18T19:17:52.853550   static const _leadingDecimalCode = LintCode(
[custom_lint] 2024-09-18T19:17:52.853550                                      ^^^^^^^^
[custom_lint] 2024-09-18T19:17:52.853550 /Users/aboutblank/.pub-cache/hosted/pub.dev/solid_lints-0.2.0/lib/src/lints/double_literal_format/double_literal_format_rule.dart:54:36: Error: 'LintCode' is imported from both 'package:analyzer/src/dart/error/lint_codes.dart' and 'package:custom_lint_core/src/lint_codes.dart'.
[custom_lint] 2024-09-18T19:17:52.853550   static const _trailingZeroCode = LintCode(
[custom_lint] 2024-09-18T19:17:52.853550                                    ^^^^^^^^
[custom_lint] 2024-09-18T19:17:52.853550 /Users/aboutblank/.pub-cache/hosted/pub.dev/solid_lints-0.2.0/lib/src/models/rule_config.dart:38:28: Error: 'LintCode' is imported from both 'package:analyzer/src/dart/error/lint_codes.dart' and 'package:custom_lint_core/src/lint_codes.dart'.
[custom_lint] 2024-09-18T19:17:52.853550   LintCode get lintCode => LintCode(
[custom_lint] 2024-09-18T19:17:52.853550                            ^^^^^^^^
[custom_lint] 2024-09-18T19:17:52.853550 /Users/aboutblank/.pub-cache/hosted/pub.dev/solid_lints-0.2.0/lib/src/utils/parameter_utils.dart:36:7: Error: 'LintCode' is imported from both 'package:analyzer/src/dart/error/lint_codes.dart' and 'package:custom_lint_core/src/lint_codes.dart'.
[custom_lint] 2024-09-18T19:17:52.853550       LintCode(
[custom_lint] 2024-09-18T19:17:52.853550       ^^^^^^^^
[custom_lint] 2024-09-18T19:17:52.853550
[custom_lint] 2024-09-18T19:17:52.853550
Failed to start pluginsThe request analysis.setContextRoots failed with the following error:
RequestErrorCode.PLUGIN_ERROR
Bad state: Failed to start the plugins.
at:
#0      SocketCustomLintServerToClientChannel._checkInitializationFail.<anonymous closure> (package:custom_lint/src/v2/server_to_client_channel.dart:223:11)
<asynchronous suspension>
#1      Future.any.onValue (dart:async/future.dart:628:5)
<asynchronous suspension>

[custom_lint] 2024-09-18T20:19:40.636211 /Users/aboutblank/.pub-cache/hosted/pub.dev/solid_lints-0.2.0/lib/src/models/rule_config.dart:2:1: Error: 'LintCode' is imported from both 'package:analyzer/src/dart/error/lint_codes.dart' and 'package:custom_lint_core/src/lint_codes.dart'.
[custom_lint] 2024-09-18T20:19:40.636211 import 'package:custom_lint_builder/custom_lint_builder.dart';
[custom_lint] 2024-09-18T20:19:40.636211 ^^^^^^^^
[custom_lint] 2024-09-18T20:19:40.636211 /Users/aboutblank/.pub-cache/hosted/pub.dev/solid_lints-0.2.0/lib/src/utils/parameter_utils.dart:3:1: Error: 'LintCode' is imported from both 'package:analyzer/src/dart/error/lint_codes.dart' and 'package:custom_lint_core/src/lint_codes.dart'.
[custom_lint] 2024-09-18T20:19:40.636211 import 'package:custom_lint_builder/custom_lint_builder.dart';
[custom_lint] 2024-09-18T20:19:40.636211 ^^^^^^^^
[custom_lint] 2024-09-18T20:19:40.636211 /Users/aboutblank/.pub-cache/hosted/pub.dev/solid_lints-0.2.0/lib/src/lints/avoid_unnecessary_type_assertions/avoid_unnecessary_type_assertions_rule.dart:48:37: Error: 'LintCode' is imported from both 'package:analyzer/src/dart/error/lint_codes.dart' and 'package:custom_lint_core/src/lint_codes.dart'.
[custom_lint] 2024-09-18T20:19:40.636211   static const _unnecessaryIsCode = LintCode(
[custom_lint] 2024-09-18T20:19:40.636211                                     ^^^^^^^^
[custom_lint] 2024-09-18T20:19:40.636211 /Users/aboutblank/.pub-cache/hosted/pub.dev/solid_lints-0.2.0/lib/src/lints/avoid_unnecessary_type_assertions/avoid_unnecessary_type_assertions_rule.dart:53:44: Error: 'LintCode' is imported from both 'package:analyzer/src/dart/error/lint_codes.dart' and 'package:custom_lint_core/src/lint_codes.dart'.
[custom_lint] 2024-09-18T20:19:40.636211   static const _unnecessaryWhereTypeCode = LintCode(
[custom_lint] 2024-09-18T20:19:40.636211                                            ^^^^^^^^
[custom_lint] 2024-09-18T20:19:40.636211 /Users/aboutblank/.pub-cache/hosted/pub.dev/solid_lints-0.2.0/lib/src/lints/double_literal_format/double_literal_format_rule.dart:37:35: Error: 'LintCode' is imported from both 'package:analyzer/src/dart/error/lint_codes.dart' and 'package:custom_lint_core/src/lint_codes.dart'.
[custom_lint] 2024-09-18T20:19:40.636211   static const _leadingZeroCode = LintCode(
[custom_lint] 2024-09-18T20:19:40.636211                                   ^^^^^^^^
[custom_lint] 2024-09-18T20:19:40.636211 /Users/aboutblank/.pub-cache/hosted/pub.dev/solid_lints-0.2.0/lib/src/lints/double_literal_format/double_literal_format_rule.dart:45:38: Error: 'LintCode' is imported from both 'package:analyzer/src/dart/error/lint_codes.dart' and 'package:custom_lint_core/src/lint_codes.dart'.
[custom_lint] 2024-09-18T20:19:40.636211   static const _leadingDecimalCode = LintCode(
[custom_lint] 2024-09-18T20:19:40.636211                                      ^^^^^^^^
[custom_lint] 2024-09-18T20:19:40.636211 /Users/aboutblank/.pub-cache/hosted/pub.dev/solid_lints-0.2.0/lib/src/lints/double_literal_format/double_literal_format_rule.dart:54:36: Error: 'LintCode' is imported from both 'package:analyzer/src/dart/error/lint_codes.dart' and 'package:custom_lint_core/src/lint_codes.dart'.
[custom_lint] 2024-09-18T20:19:40.636211   static const _trailingZeroCode = LintCode(
[custom_lint] 2024-09-18T20:19:40.636211                                    ^^^^^^^^
[custom_lint] 2024-09-18T20:19:40.636211 /Users/aboutblank/.pub-cache/hosted/pub.dev/solid_lints-0.2.0/lib/src/models/rule_config.dart:38:28: Error: 'LintCode' is imported from both 'package:analyzer/src/dart/error/lint_codes.dart' and 'package:custom_lint_core/src/lint_codes.dart'.
[custom_lint] 2024-09-18T20:19:40.636211   LintCode get lintCode => LintCode(
[custom_lint] 2024-09-18T20:19:40.636211                            ^^^^^^^^
[custom_lint] 2024-09-18T20:19:40.636211 /Users/aboutblank/.pub-cache/hosted/pub.dev/solid_lints-0.2.0/lib/src/utils/parameter_utils.dart:36:7: Error: 'LintCode' is imported from both 'package:analyzer/src/dart/error/lint_codes.dart' and 'package:custom_lint_core/src/lint_codes.dart'.
[custom_lint] 2024-09-18T20:19:40.636211       LintCode(
[custom_lint] 2024-09-18T20:19:40.636211       ^^^^^^^^
[custom_lint] 2024-09-18T20:19:40.636211
[custom_lint] 2024-09-18T20:19:40.636211
Failed to start pluginsThe request analysis.setContextRoots failed with the following error:
RequestErrorCode.PLUGIN_ERROR
Bad state: Failed to start the plugins.
at:
#0      SocketCustomLintServerToClientChannel._checkInitializationFail.<anonymous closure> (package:custom_lint/src/v2/server_to_client_channel.dart:223:11)
<asynchronous suspension>
#1      Future.any.onValue (dart:async/future.dart:628:5)
<asynchronous suspension>

[custom_lint] 2024-09-18T20:21:17.030844 /Users/aboutblank/.pub-cache/hosted/pub.dev/solid_lints-0.2.0/lib/src/models/rule_config.dart:2:1: Error: 'LintCode' is imported from both 'package:analyzer/src/dart/error/lint_codes.dart' and 'package:custom_lint_core/src/lint_codes.dart'.
[custom_lint] 2024-09-18T20:21:17.030844 import 'package:custom_lint_builder/custom_lint_builder.dart';
[custom_lint] 2024-09-18T20:21:17.030844 ^^^^^^^^
[custom_lint] 2024-09-18T20:21:17.030844 /Users/aboutblank/.pub-cache/hosted/pub.dev/solid_lints-0.2.0/lib/src/utils/parameter_utils.dart:3:1: Error: 'LintCode' is imported from both 'package:analyzer/src/dart/error/lint_codes.dart' and 'package:custom_lint_core/src/lint_codes.dart'.
[custom_lint] 2024-09-18T20:21:17.030844 import 'package:custom_lint_builder/custom_lint_builder.dart';
[custom_lint] 2024-09-18T20:21:17.030844 ^^^^^^^^
[custom_lint] 2024-09-18T20:21:17.030844 /Users/aboutblank/.pub-cache/hosted/pub.dev/solid_lints-0.2.0/lib/src/lints/avoid_unnecessary_type_assertions/avoid_unnecessary_type_assertions_rule.dart:48:37: Error: 'LintCode' is imported from both 'package:analyzer/src/dart/error/lint_codes.dart' and 'package:custom_lint_core/src/lint_codes.dart'.
[custom_lint] 2024-09-18T20:21:17.030844   static const _unnecessaryIsCode = LintCode(
[custom_lint] 2024-09-18T20:21:17.030844                                     ^^^^^^^^
[custom_lint] 2024-09-18T20:21:17.030844 /Users/aboutblank/.pub-cache/hosted/pub.dev/solid_lints-0.2.0/lib/src/lints/avoid_unnecessary_type_assertions/avoid_unnecessary_type_assertions_rule.dart:53:44: Error: 'LintCode' is imported from both 'package:analyzer/src/dart/error/lint_codes.dart' and 'package:custom_lint_core/src/lint_codes.dart'.
[custom_lint] 2024-09-18T20:21:17.030844   static const _unnecessaryWhereTypeCode = LintCode(
[custom_lint] 2024-09-18T20:21:17.030844                                            ^^^^^^^^
[custom_lint] 2024-09-18T20:21:17.030844 /Users/aboutblank/.pub-cache/hosted/pub.dev/solid_lints-0.2.0/lib/src/lints/double_literal_format/double_literal_format_rule.dart:37:35: Error: 'LintCode' is imported from both 'package:analyzer/src/dart/error/lint_codes.dart' and 'package:custom_lint_core/src/lint_codes.dart'.
[custom_lint] 2024-09-18T20:21:17.030844   static const _leadingZeroCode = LintCode(
[custom_lint] 2024-09-18T20:21:17.030844                                   ^^^^^^^^
[custom_lint] 2024-09-18T20:21:17.030844 /Users/aboutblank/.pub-cache/hosted/pub.dev/solid_lints-0.2.0/lib/src/lints/double_literal_format/double_literal_format_rule.dart:45:38: Error: 'LintCode' is imported from both 'package:analyzer/src/dart/error/lint_codes.dart' and 'package:custom_lint_core/src/lint_codes.dart'.
[custom_lint] 2024-09-18T20:21:17.030844   static const _leadingDecimalCode = LintCode(
[custom_lint] 2024-09-18T20:21:17.030844                                      ^^^^^^^^
[custom_lint] 2024-09-18T20:21:17.030844 /Users/aboutblank/.pub-cache/hosted/pub.dev/solid_lints-0.2.0/lib/src/lints/double_literal_format/double_literal_format_rule.dart:54:36: Error: 'LintCode' is imported from both 'package:analyzer/src/dart/error/lint_codes.dart' and 'package:custom_lint_core/src/lint_codes.dart'.
[custom_lint] 2024-09-18T20:21:17.030844   static const _trailingZeroCode = LintCode(
[custom_lint] 2024-09-18T20:21:17.030844                                    ^^^^^^^^
[custom_lint] 2024-09-18T20:21:17.030844 /Users/aboutblank/.pub-cache/hosted/pub.dev/solid_lints-0.2.0/lib/src/models/rule_config.dart:38:28: Error: 'LintCode' is imported from both 'package:analyzer/src/dart/error/lint_codes.dart' and 'package:custom_lint_core/src/lint_codes.dart'.
[custom_lint] 2024-09-18T20:21:17.030844   LintCode get lintCode => LintCode(
[custom_lint] 2024-09-18T20:21:17.030844                            ^^^^^^^^
[custom_lint] 2024-09-18T20:21:17.030844 /Users/aboutblank/.pub-cache/hosted/pub.dev/solid_lints-0.2.0/lib/src/utils/parameter_utils.dart:36:7: Error: 'LintCode' is imported from both 'package:analyzer/src/dart/error/lint_codes.dart' and 'package:custom_lint_core/src/lint_codes.dart'.
[custom_lint] 2024-09-18T20:21:17.030844       LintCode(
[custom_lint] 2024-09-18T20:21:17.030844       ^^^^^^^^
[custom_lint] 2024-09-18T20:21:17.030844
[custom_lint] 2024-09-18T20:21:17.030844
Failed to start pluginsThe request analysis.setContextRoots failed with the following error:
RequestErrorCode.PLUGIN_ERROR
Bad state: Failed to start the plugins.
at:
#0      SocketCustomLintServerToClientChannel._checkInitializationFail.<anonymous closure> (package:custom_lint/src/v2/server_to_client_channel.dart:223:11)
<asynchronous suspension>
#1      Future.any.onValue (dart:async/future.dart:628:5)
<asynchronous suspension>

